#
# A fatal error has been detected by the Java Runtime Environment:
#
#  SIGSEGV (0xb) at pc=0x000000011066b7e4, pid=34458, tid=14339
#
# JRE version: Java(TM) SE Runtime Environment (9.0+11) (build 9.0.4+11)
# Java VM: Java HotSpot(TM) 64-Bit Server VM (9.0.4+11, mixed mode, tiered, compressed oops, g1 gc, bsd-amd64)
# Problematic frame:
# V  [libjvm.dylib+0x26b7e4]  ConstantPoolCacheEntry::get_interesting_method_entry(Klass*)+0x36
#
# No core dump will be written. Core dumps have been disabled. To enable core dumping, try "ulimit -c unlimited" before starting Java again
#
# If you would like to submit a bug report, please visit:
#   http://bugreport.java.com/bugreport/crash.jsp
#

---------------  S U M M A R Y ------------

Command Line: -agentlib:jdwp=transport=dt_socket,address=127.0.0.1:51274,suspend=y,server=n -javaagent:/Users/jesseskralskis/Library/Caches/IntelliJIdea2017.3/captureAgent/debugger-agent.jar=/private/var/folders/__/qndyq3ls1rbdbtcc1457rgfm0000gn/T/capture.props -Dfile.encoding=UTF-8 com.company.Main

Host: MacBookPro9,2 x86_64 2900 MHz, 4 cores, 8G, Darwin 17.4.0
Time: Tue Apr 10 21:15:03 2018 NZST elapsed time: 161425 seconds (1d 20h 50m 25s)

---------------  T H R E A D  ---------------

Current thread (0x00007fdf4f840000):  VMThread "VM Thread" [stack: 0x00007000078c7000,0x00007000079c7000] [id=14339]

Stack: [0x00007000078c7000,0x00007000079c7000],  sp=0x00007000079c68f0,  free space=1022k
Native frames: (J=compiled Java code, A=aot compiled Java code, j=interpreted, Vv=VM code, C=native code)
V  [libjvm.dylib+0x26b7e4]  ConstantPoolCacheEntry::get_interesting_method_entry(Klass*)+0x36
V  [libjvm.dylib+0x26ba60]  ConstantPoolCache::adjust_method_entries(InstanceKlass*, bool*)+0x30
V  [libjvm.dylib+0x4af03a]  VM_RedefineClasses::AdjustCpoolCacheAndVtable::do_klass(Klass*)+0x226
V  [libjvm.dylib+0x201940]  ClassLoaderDataGraph::classes_do(KlassClosure*)+0x30
V  [libjvm.dylib+0x4aaae0]  VM_RedefineClasses::redefine_single_class(_jclass*, Klass*, Thread*)+0x404
V  [libjvm.dylib+0x4aa636]  VM_RedefineClasses::doit()+0x78
V  [libjvm.dylib+0x747827]  VM_Operation::evaluate()+0x8d
V  [libjvm.dylib+0x746e9c]  VMThread::evaluate_operation(VM_Operation*)+0xda
V  [libjvm.dylib+0x746b8e]  VMThread::loop()+0x2f6
V  [libjvm.dylib+0x7467b9]  VMThread::run()+0x75
V  [libjvm.dylib+0x5f02f3]  thread_native_entry(Thread*)+0x12b
C  [libsystem_pthread.dylib+0x36c1]  _pthread_body+0x154
C  [libsystem_pthread.dylib+0x356d]  _pthread_body+0x0
C  [libsystem_pthread.dylib+0x2c5d]  thread_start+0xd


siginfo: si_signo: 11 (SIGSEGV), si_code: 1 (SEGV_MAPERR), si_addr: 0x000000a700000000

Register to memory mapping:

RAX=0x0000000000000000 is an unknown value
RBX=0x0000000118f4b5b8 is pointing into metadata
RCX=0x000000a700000000 is an unknown value
RDX=0x00007000079c69df is an unknown value
RSP=0x00007000079c68f0 is an unknown value
RBP=0x00007000079c6900 is an unknown value
RSI=0x00000007c006bde0 is pointing into metadata
RDI=0x000000a700000000 is an unknown value
R8 =0x000000000000009a is an unknown value
R9 =0x0000000110d44ea0: _ZN2os16_processor_countE+0 in /Library/Java/JavaVirtualMachines/jdk-9.0.4.jdk/Contents/Home/lib/server/libjvm.dylib at 0x0000000110400000
R10=0x0000000110d3051a: AssumeMP+0 in /Library/Java/JavaVirtualMachines/jdk-9.0.4.jdk/Contents/Home/lib/server/libjvm.dylib at 0x0000000110400000
R11={method} {0x000000011919c840} 'main' '([Ljava/lang/String;)V' in 'com/company/Main'
R12=0x00000007c006bde0 is pointing into metadata
R13=0x00007fdf4f840000 is an unknown value
R14=0x00000007c006bde0 is pointing into metadata
R15=0x0000000118f4b5a8 is pointing into metadata


Registers:
RAX=0x0000000000000000, RBX=0x0000000118f4b5b8, RCX=0x000000a700000000, RDX=0x00007000079c69df
RSP=0x00007000079c68f0, RBP=0x00007000079c6900, RSI=0x00000007c006bde0, RDI=0x000000a700000000
R8 =0x000000000000009a, R9 =0x0000000110d44ea0, R10=0x0000000110d3051a, R11=0x000000011919c840
R12=0x00000007c006bde0, R13=0x00007fdf4f840000, R14=0x00000007c006bde0, R15=0x0000000118f4b5a8
RIP=0x000000011066b7e4, EFLAGS=0x0000000000010206, ERR=0x0000000000000004
  TRAPNO=0x000000000000000e

Top of Stack: (sp=0x00007000079c68f0)
0x00007000079c68f0:   0000000118f4b5b8 0000000000000000
0x00007000079c6900:   00007000079c6940 000000011066ba60
0x00007000079c6910:   00007000079c69df 00000007c0074858
0x00007000079c6920:   00007000082e1a30 00007fdf4f840000
0x00007000079c6930:   00000007c006bde0 00007000079c6950
0x00007000079c6940:   00007000079c6a00 00000001108af03a
0x00007000079c6950:   0000000118f4b218 00007fdf4f840000
0x00007000079c6960:   0000000118f4b218 00007fdf4f840000
0x00007000079c6970:   00007fdf4ec14060 0000000118f4b218
0x00007000079c6980:   00007fdf4ec13ff0 00007fdf4ec14060
0x00007000079c6990:   00007000079c69a0 000000011060222c
0x00007000079c69a0:   00007fdf4f840000 00007fdf4ee05190
0x00007000079c69b0:   00007fdf4ee051d0 00007fdf4ee051e0
0x00007000079c69c0:   00007fdf4ee052b8 00000000000000d8
0x00007000079c69d0:   00007000079c6aa0 000000011078c739
0x00007000079c69e0:   00000007c0074858 00007000082e1a30
0x00007000079c69f0:   00007000079c6a60 00007fdf4ec13ff0
0x00007000079c6a00:   00007000079c6a30 0000000110601940
0x00007000079c6a10:   0000000110ccc4a0 00000007c006bde0
0x00007000079c6a20:   0000000000000000 00007fdf4f840000
0x00007000079c6a30:   00007000079c6b00 00000001108aaae0
0x00007000079c6a40:   00000001079c6aa8 00007000082e1a30
0x00007000079c6a50:   00007fdf4f840000 000000011061c409
0x00007000079c6a60:   0000000110ccc4a0 00007fdf4f840000
0x00007000079c6a70:   0000000110cc7010 00007fdf4ee05160
0x00007000079c6a80:   00007fdf4f8e8000 00007fdf4f8e9c70
0x00007000079c6a90:   00007fdf4f8effe8 00000000000083b0
0x00007000079c6aa0:   00007fdf4f840000 00007fdf4ee05190
0x00007000079c6ab0:   00007fdf4ee051d0 00007fdf4ee051e0
0x00007000079c6ac0:   00007fdf4ee052b8 00000000000000d8
0x00007000079c6ad0:   00007000079c6b30 0000000000000000
0x00007000079c6ae0:   0000000000000000 0000000110d1fb70 

Instructions: (pc=0x000000011066b7e4)
0x000000011066b7c4:   00 00 04 75 5f 48 8b 43 18 a9 00 00 10 00 75 20
0x000000011066b7d4:   48 8b 4b 08 31 c0 48 83 f9 00 74 48 48 8b 7b 08
0x000000011066b7e4:   48 8b 07 ff 50 10 84 c0 74 06 48 8b 5b 08 eb 04
0x000000011066b7f4:   48 8b 5b 10 31 c0 48 85 db 74 29 48 8b 03 48 89 

VM_Operation (0x00007000082e1a30): RedefineClasses, mode: safepoint, requested by thread 0x00007fdf4f0ff800, redefining class com.company.Main



---------------  P R O C E S S  ---------------

Java Threads: ( => current thread )
  0x00007fdf50057000 JavaThread "Service Thread" daemon [_thread_blocked, id=39939, stack(0x00007000084eb000,0x00007000085eb000)]
  0x00007fdf5082c000 JavaThread "JDWP Command Reader" daemon [_thread_in_native, id=40195, stack(0x00007000083e8000,0x00007000084e8000)]
  0x00007fdf50048000 JavaThread "JDWP Event Helper Thread" daemon [_thread_blocked, id=40707, stack(0x00007000082e5000,0x00007000083e5000)]
  0x00007fdf4f0ff800 JavaThread "JDWP Transport Listener: dt_socket" daemon [_thread_blocked, id=41223, stack(0x00007000081e2000,0x00007000082e2000)]
  0x00007fdf4f0a7000 JavaThread "Common-Cleaner" daemon [_thread_blocked, id=41731, stack(0x00007000080df000,0x00007000081df000)]
  0x00007fdf5080d800 JavaThread "Sweeper thread" daemon [_thread_blocked, id=42243, stack(0x0000700007fdc000,0x00007000080dc000)]
  0x00007fdf4f0a4000 JavaThread "C1 CompilerThread2" daemon [_thread_blocked, id=42499, stack(0x0000700007ed9000,0x0000700007fd9000)]
  0x00007fdf50011000 JavaThread "C2 CompilerThread1" daemon [_thread_blocked, id=43011, stack(0x0000700007dd6000,0x0000700007ed6000)]
  0x00007fdf50805000 JavaThread "C2 CompilerThread0" daemon [_thread_blocked, id=43267, stack(0x0000700007cd3000,0x0000700007dd3000)]
  0x00007fdf4f0a3000 JavaThread "Signal Dispatcher" daemon [_thread_blocked, id=15619, stack(0x0000700007bd0000,0x0000700007cd0000)]
  0x00007fdf50010800 JavaThread "Finalizer" daemon [_thread_blocked, id=15107, stack(0x0000700007acd000,0x0000700007bcd000)]
  0x00007fdf4f842800 JavaThread "Reference Handler" daemon [_thread_blocked, id=18691, stack(0x00007000079ca000,0x0000700007aca000)]
  0x00007fdf50001000 JavaThread "main" [_thread_blocked, id=6915, stack(0x0000700006ca3000,0x0000700006da3000)]

Other Threads:
=>0x00007fdf4f840000 VMThread "VM Thread" [stack: 0x00007000078c7000,0x00007000079c7000] [id=14339]
  0x00007fdf508da800 WatcherThread [stack: 0x00007000085ee000,0x00007000086ee000] [id=23043]
  0x00007fdf50814000 GCTaskThread "GC Thread#0" [stack: 0x0000700006da6000,0x0000700006ea6000] [id=21507]
  0x00007fdf50815000 GCTaskThread "GC Thread#1" [stack: 0x0000700006ea9000,0x0000700006fa9000] [id=11267]
  0x00007fdf5000d000 GCTaskThread "GC Thread#2" [stack: 0x0000700006fac000,0x00007000070ac000] [id=20995]
  0x00007fdf4f01d000 GCTaskThread "GC Thread#3" [stack: 0x00007000070af000,0x00007000071af000] [id=11523]
  0x00007fdf4f04c000 ConcurrentGCThread "G1 Main Marker" [stack: 0x00007000076c1000,0x00007000077c1000] [id=19203]
  0x00007fdf5000f800 ConcurrentGCThread "G1 Marker#0" [stack: 0x00007000077c4000,0x00007000078c4000] [id=13827]
  0x00007fdf4f01e800 ConcurrentGCThread "G1 Refine#0" [stack: 0x00007000074bb000,0x00007000075bb000] [id=19971]
  0x00007fdf5000e000 ConcurrentGCThread "G1 Refine#1" [stack: 0x00007000073b8000,0x00007000074b8000] [id=20227]
  0x00007fdf4f01d800 ConcurrentGCThread "G1 Refine#2" [stack: 0x00007000072b5000,0x00007000073b5000] [id=12291]
  0x00007fdf5000d800 ConcurrentGCThread "G1 Refine#3" [stack: 0x00007000071b2000,0x00007000072b2000] [id=12035]
  0x00007fdf5000f000 ConcurrentGCThread "G1 Young RemSet Sampling" [stack: 0x00007000075be000,0x00007000076be000] [id=19459]

Threads with active compile tasks:

VM state:at safepoint (normal execution)

VM Mutex/Monitor currently owned by a thread:  ([mutex/lock_event])
[0x00007fdf4ed11c20] Threads_lock - owner thread: 0x00007fdf4f840000

Heap address: 0x0000000740000000, size: 2048 MB, Compressed Oops mode: Zero based, Oop shift amount: 3
Narrow klass base: 0x0000000000000000, Narrow klass shift: 3
Compressed class space size: 1073741824 Address: 0x00000007c0000000

Heap:
 garbage-first heap   total 131072K, used 5120K [0x0000000740000000, 0x0000000740100400, 0x00000007c0000000)
  region size 1024K, 6 young (6144K), 0 survivors (0K)
 Metaspace       used 7310K, capacity 7508K, committed 7680K, reserved 1056768K
  class space    used 645K, capacity 675K, committed 768K, reserved 1048576K
Heap Regions: E=young(eden), S=young(survivor), O=old, HS=humongous(starts), HC=humongous(continues), CS=collection set, F=free, A=archive, TS=gc time stamp, AC=allocation context, TAMS=top-at-mark-start (previous, next)
|   0|0x0000000740000000, 0x0000000740000000, 0x0000000740100000|  0%| F|  |TS  0|AC  0|TAMS 0x0000000740000000, 0x0000000740000000|
|   1|0x0000000740100000, 0x0000000740100000, 0x0000000740200000|  0%| F|  |TS  0|AC  0|TAMS 0x0000000740100000, 0x0000000740100000|
|   2|0x0000000740200000, 0x0000000740200000, 0x0000000740300000|  0%| F|  |TS  0|AC  0|TAMS 0x0000000740200000, 0x0000000740200000|
|   3|0x0000000740300000, 0x0000000740300000, 0x0000000740400000|  0%| F|  |TS  0|AC  0|TAMS 0x0000000740300000, 0x0000000740300000|
|   4|0x0000000740400000, 0x0000000740400000, 0x0000000740500000|  0%| F|  |TS  0|AC  0|TAMS 0x0000000740400000, 0x0000000740400000|
|   5|0x0000000740500000, 0x0000000740500000, 0x0000000740600000|  0%| F|  |TS  0|AC  0|TAMS 0x0000000740500000, 0x0000000740500000|
|   6|0x0000000740600000, 0x0000000740600000, 0x0000000740700000|  0%| F|  |TS  0|AC  0|TAMS 0x0000000740600000, 0x0000000740600000|
|   7|0x0000000740700000, 0x0000000740700000, 0x0000000740800000|  0%| F|  |TS  0|AC  0|TAMS 0x0000000740700000, 0x0000000740700000|
|   8|0x0000000740800000, 0x0000000740800000, 0x0000000740900000|  0%| F|  |TS  0|AC  0|TAMS 0x0000000740800000, 0x0000000740800000|
|   9|0x0000000740900000, 0x0000000740900000, 0x0000000740a00000|  0%| F|  |TS  0|AC  0|TAMS 0x0000000740900000, 0x0000000740900000|
|  10|0x0000000740a00000, 0x0000000740a00000, 0x0000000740b00000|  0%| F|  |TS  0|AC  0|TAMS 0x0000000740a00000, 0x0000000740a00000|
|  11|0x0000000740b00000, 0x0000000740b00000, 0x0000000740c00000|  0%| F|  |TS  0|AC  0|TAMS 0x0000000740b00000, 0x0000000740b00000|
|  12|0x0000000740c00000, 0x0000000740c00000, 0x0000000740d00000|  0%| F|  |TS  0|AC  0|TAMS 0x0000000740c00000, 0x0000000740c00000|
|  13|0x0000000740d00000, 0x0000000740d00000, 0x0000000740e00000|  0%| F|  |TS  0|AC  0|TAMS 0x0000000740d00000, 0x0000000740d00000|
|  14|0x0000000740e00000, 0x0000000740e00000, 0x0000000740f00000|  0%| F|  |TS  0|AC  0|TAMS 0x0000000740e00000, 0x0000000740e00000|
|  15|0x0000000740f00000, 0x0000000740f00000, 0x0000000741000000|  0%| F|  |TS  0|AC  0|TAMS 0x0000000740f00000, 0x0000000740f00000|
|  16|0x0000000741000000, 0x0000000741000000, 0x0000000741100000|  0%| F|  |TS  0|AC  0|TAMS 0x0000000741000000, 0x0000000741000000|
|  17|0x0000000741100000, 0x0000000741100000, 0x0000000741200000|  0%| F|  |TS  0|AC  0|TAMS 0x0000000741100000, 0x0000000741100000|
|  18|0x0000000741200000, 0x0000000741200000, 0x0000000741300000|  0%| F|  |TS  0|AC  0|TAMS 0x0000000741200000, 0x0000000741200000|
|  19|0x0000000741300000, 0x0000000741300000, 0x0000000741400000|  0%| F|  |TS  0|AC  0|TAMS 0x0000000741300000, 0x0000000741300000|
|  20|0x0000000741400000, 0x0000000741400000, 0x0000000741500000|  0%| F|  |TS  0|AC  0|TAMS 0x0000000741400000, 0x0000000741400000|
|  21|0x0000000741500000, 0x0000000741500000, 0x0000000741600000|  0%| F|  |TS  0|AC  0|TAMS 0x0000000741500000, 0x0000000741500000|
|  22|0x0000000741600000, 0x0000000741600000, 0x0000000741700000|  0%| F|  |TS  0|AC  0|TAMS 0x0000000741600000, 0x0000000741600000|
|  23|0x0000000741700000, 0x0000000741700000, 0x0000000741800000|  0%| F|  |TS  0|AC  0|TAMS 0x0000000741700000, 0x0000000741700000|
|  24|0x0000000741800000, 0x0000000741800000, 0x0000000741900000|  0%| F|  |TS  0|AC  0|TAMS 0x0000000741800000, 0x0000000741800000|
|  25|0x0000000741900000, 0x0000000741900000, 0x0000000741a00000|  0%| F|  |TS  0|AC  0|TAMS 0x0000000741900000, 0x0000000741900000|
|  26|0x0000000741a00000, 0x0000000741a00000, 0x0000000741b00000|  0%| F|  |TS  0|AC  0|TAMS 0x0000000741a00000, 0x0000000741a00000|
|  27|0x0000000741b00000, 0x0000000741b00000, 0x0000000741c00000|  0%| F|  |TS  0|AC  0|TAMS 0x0000000741b00000, 0x0000000741b00000|
|  28|0x0000000741c00000, 0x0000000741c00000, 0x0000000741d00000|  0%| F|  |TS  0|AC  0|TAMS 0x0000000741c00000, 0x0000000741c00000|
|  29|0x0000000741d00000, 0x0000000741d00000, 0x0000000741e00000|  0%| F|  |TS  0|AC  0|TAMS 0x0000000741d00000, 0x0000000741d00000|
|  30|0x0000000741e00000, 0x0000000741e00000, 0x0000000741f00000|  0%| F|  |TS  0|AC  0|TAMS 0x0000000741e00000, 0x0000000741e00000|
|  31|0x0000000741f00000, 0x0000000741f00000, 0x0000000742000000|  0%| F|  |TS  0|AC  0|TAMS 0x0000000741f00000, 0x0000000741f00000|
|  32|0x0000000742000000, 0x0000000742000000, 0x0000000742100000|  0%| F|  |TS  0|AC  0|TAMS 0x0000000742000000, 0x0000000742000000|
|  33|0x0000000742100000, 0x0000000742100000, 0x0000000742200000|  0%| F|  |TS  0|AC  0|TAMS 0x0000000742100000, 0x0000000742100000|
|  34|0x0000000742200000, 0x0000000742200000, 0x0000000742300000|  0%| F|  |TS  0|AC  0|TAMS 0x0000000742200000, 0x0000000742200000|
|  35|0x0000000742300000, 0x0000000742300000, 0x0000000742400000|  0%| F|  |TS  0|AC  0|TAMS 0x0000000742300000, 0x0000000742300000|
|  36|0x0000000742400000, 0x0000000742400000, 0x0000000742500000|  0%| F|  |TS  0|AC  0|TAMS 0x0000000742400000, 0x0000000742400000|
|  37|0x0000000742500000, 0x0000000742500000, 0x0000000742600000|  0%| F|  |TS  0|AC  0|TAMS 0x0000000742500000, 0x0000000742500000|
|  38|0x0000000742600000, 0x0000000742600000, 0x0000000742700000|  0%| F|  |TS  0|AC  0|TAMS 0x0000000742600000, 0x0000000742600000|
|  39|0x0000000742700000, 0x0000000742700000, 0x0000000742800000|  0%| F|  |TS  0|AC  0|TAMS 0x0000000742700000, 0x0000000742700000|
|  40|0x0000000742800000, 0x0000000742800000, 0x0000000742900000|  0%| F|  |TS  0|AC  0|TAMS 0x0000000742800000, 0x0000000742800000|
|  41|0x0000000742900000, 0x0000000742900000, 0x0000000742a00000|  0%| F|  |TS  0|AC  0|TAMS 0x0000000742900000, 0x0000000742900000|
|  42|0x0000000742a00000, 0x0000000742a00000, 0x0000000742b00000|  0%| F|  |TS  0|AC  0|TAMS 0x0000000742a00000, 0x0000000742a00000|
|  43|0x0000000742b00000, 0x0000000742b00000, 0x0000000742c00000|  0%| F|  |TS  0|AC  0|TAMS 0x0000000742b00000, 0x0000000742b00000|
|  44|0x0000000742c00000, 0x0000000742c00000, 0x0000000742d00000|  0%| F|  |TS  0|AC  0|TAMS 0x0000000742c00000, 0x0000000742c00000|
|  45|0x0000000742d00000, 0x0000000742d00000, 0x0000000742e00000|  0%| F|  |TS  0|AC  0|TAMS 0x0000000742d00000, 0x0000000742d00000|
|  46|0x0000000742e00000, 0x0000000742e00000, 0x0000000742f00000|  0%| F|  |TS  0|AC  0|TAMS 0x0000000742e00000, 0x0000000742e00000|
|  47|0x0000000742f00000, 0x0000000742f00000, 0x0000000743000000|  0%| F|  |TS  0|AC  0|TAMS 0x0000000742f00000, 0x0000000742f00000|
|  48|0x0000000743000000, 0x0000000743000000, 0x0000000743100000|  0%| F|  |TS  0|AC  0|TAMS 0x0000000743000000, 0x0000000743000000|
|  49|0x0000000743100000, 0x0000000743100000, 0x0000000743200000|  0%| F|  |TS  0|AC  0|TAMS 0x0000000743100000, 0x0000000743100000|
|  50|0x0000000743200000, 0x0000000743200000, 0x0000000743300000|  0%| F|  |TS  0|AC  0|TAMS 0x0000000743200000, 0x0000000743200000|
|  51|0x0000000743300000, 0x0000000743300000, 0x0000000743400000|  0%| F|  |TS  0|AC  0|TAMS 0x0000000743300000, 0x0000000743300000|
|  52|0x0000000743400000, 0x0000000743400000, 0x0000000743500000|  0%| F|  |TS  0|AC  0|TAMS 0x0000000743400000, 0x0000000743400000|
|  53|0x0000000743500000, 0x0000000743500000, 0x0000000743600000|  0%| F|  |TS  0|AC  0|TAMS 0x0000000743500000, 0x0000000743500000|
|  54|0x0000000743600000, 0x0000000743600000, 0x0000000743700000|  0%| F|  |TS  0|AC  0|TAMS 0x0000000743600000, 0x0000000743600000|
|  55|0x0000000743700000, 0x0000000743700000, 0x0000000743800000|  0%| F|  |TS  0|AC  0|TAMS 0x0000000743700000, 0x0000000743700000|
|  56|0x0000000743800000, 0x0000000743800000, 0x0000000743900000|  0%| F|  |TS  0|AC  0|TAMS 0x0000000743800000, 0x0000000743800000|
|  57|0x0000000743900000, 0x0000000743900000, 0x0000000743a00000|  0%| F|  |TS  0|AC  0|TAMS 0x0000000743900000, 0x0000000743900000|
|  58|0x0000000743a00000, 0x0000000743a00000, 0x0000000743b00000|  0%| F|  |TS  0|AC  0|TAMS 0x0000000743a00000, 0x0000000743a00000|
|  59|0x0000000743b00000, 0x0000000743b00000, 0x0000000743c00000|  0%| F|  |TS  0|AC  0|TAMS 0x0000000743b00000, 0x0000000743b00000|
|  60|0x0000000743c00000, 0x0000000743c00000, 0x0000000743d00000|  0%| F|  |TS  0|AC  0|TAMS 0x0000000743c00000, 0x0000000743c00000|
|  61|0x0000000743d00000, 0x0000000743d00000, 0x0000000743e00000|  0%| F|  |TS  0|AC  0|TAMS 0x0000000743d00000, 0x0000000743d00000|
|  62|0x0000000743e00000, 0x0000000743e00000, 0x0000000743f00000|  0%| F|  |TS  0|AC  0|TAMS 0x0000000743e00000, 0x0000000743e00000|
|  63|0x0000000743f00000, 0x0000000743f00000, 0x0000000744000000|  0%| F|  |TS  0|AC  0|TAMS 0x0000000743f00000, 0x0000000743f00000|
|  64|0x0000000744000000, 0x0000000744000000, 0x0000000744100000|  0%| F|  |TS  0|AC  0|TAMS 0x0000000744000000, 0x0000000744000000|
|  65|0x0000000744100000, 0x0000000744100000, 0x0000000744200000|  0%| F|  |TS  0|AC  0|TAMS 0x0000000744100000, 0x0000000744100000|
|  66|0x0000000744200000, 0x0000000744200000, 0x0000000744300000|  0%| F|  |TS  0|AC  0|TAMS 0x0000000744200000, 0x0000000744200000|
|  67|0x0000000744300000, 0x0000000744300000, 0x0000000744400000|  0%| F|  |TS  0|AC  0|TAMS 0x0000000744300000, 0x0000000744300000|
|  68|0x0000000744400000, 0x0000000744400000, 0x0000000744500000|  0%| F|  |TS  0|AC  0|TAMS 0x0000000744400000, 0x0000000744400000|
|  69|0x0000000744500000, 0x0000000744500000, 0x0000000744600000|  0%| F|  |TS  0|AC  0|TAMS 0x0000000744500000, 0x0000000744500000|
|  70|0x0000000744600000, 0x0000000744600000, 0x0000000744700000|  0%| F|  |TS  0|AC  0|TAMS 0x0000000744600000, 0x0000000744600000|
|  71|0x0000000744700000, 0x0000000744700000, 0x0000000744800000|  0%| F|  |TS  0|AC  0|TAMS 0x0000000744700000, 0x0000000744700000|
|  72|0x0000000744800000, 0x0000000744800000, 0x0000000744900000|  0%| F|  |TS  0|AC  0|TAMS 0x0000000744800000, 0x0000000744800000|
|  73|0x0000000744900000, 0x0000000744900000, 0x0000000744a00000|  0%| F|  |TS  0|AC  0|TAMS 0x0000000744900000, 0x0000000744900000|
|  74|0x0000000744a00000, 0x0000000744a00000, 0x0000000744b00000|  0%| F|  |TS  0|AC  0|TAMS 0x0000000744a00000, 0x0000000744a00000|
|  75|0x0000000744b00000, 0x0000000744b00000, 0x0000000744c00000|  0%| F|  |TS  0|AC  0|TAMS 0x0000000744b00000, 0x0000000744b00000|
|  76|0x0000000744c00000, 0x0000000744c00000, 0x0000000744d00000|  0%| F|  |TS  0|AC  0|TAMS 0x0000000744c00000, 0x0000000744c00000|
|  77|0x0000000744d00000, 0x0000000744d00000, 0x0000000744e00000|  0%| F|  |TS  0|AC  0|TAMS 0x0000000744d00000, 0x0000000744d00000|
|  78|0x0000000744e00000, 0x0000000744e00000, 0x0000000744f00000|  0%| F|  |TS  0|AC  0|TAMS 0x0000000744e00000, 0x0000000744e00000|
|  79|0x0000000744f00000, 0x0000000744f00000, 0x0000000745000000|  0%| F|  |TS  0|AC  0|TAMS 0x0000000744f00000, 0x0000000744f00000|
|  80|0x0000000745000000, 0x0000000745000000, 0x0000000745100000|  0%| F|  |TS  0|AC  0|TAMS 0x0000000745000000, 0x0000000745000000|
|  81|0x0000000745100000, 0x0000000745100000, 0x0000000745200000|  0%| F|  |TS  0|AC  0|TAMS 0x0000000745100000, 0x0000000745100000|
|  82|0x0000000745200000, 0x0000000745200000, 0x0000000745300000|  0%| F|  |TS  0|AC  0|TAMS 0x0000000745200000, 0x0000000745200000|
|  83|0x0000000745300000, 0x0000000745300000, 0x0000000745400000|  0%| F|  |TS  0|AC  0|TAMS 0x0000000745300000, 0x0000000745300000|
|  84|0x0000000745400000, 0x0000000745400000, 0x0000000745500000|  0%| F|  |TS  0|AC  0|TAMS 0x0000000745400000, 0x0000000745400000|
|  85|0x0000000745500000, 0x0000000745500000, 0x0000000745600000|  0%| F|  |TS  0|AC  0|TAMS 0x0000000745500000, 0x0000000745500000|
|  86|0x0000000745600000, 0x0000000745600000, 0x0000000745700000|  0%| F|  |TS  0|AC  0|TAMS 0x0000000745600000, 0x0000000745600000|
|  87|0x0000000745700000, 0x0000000745700000, 0x0000000745800000|  0%| F|  |TS  0|AC  0|TAMS 0x0000000745700000, 0x0000000745700000|
|  88|0x0000000745800000, 0x0000000745800000, 0x0000000745900000|  0%| F|  |TS  0|AC  0|TAMS 0x0000000745800000, 0x0000000745800000|
|  89|0x0000000745900000, 0x0000000745900000, 0x0000000745a00000|  0%| F|  |TS  0|AC  0|TAMS 0x0000000745900000, 0x0000000745900000|
|  90|0x0000000745a00000, 0x0000000745a00000, 0x0000000745b00000|  0%| F|  |TS  0|AC  0|TAMS 0x0000000745a00000, 0x0000000745a00000|
|  91|0x0000000745b00000, 0x0000000745b00000, 0x0000000745c00000|  0%| F|  |TS  0|AC  0|TAMS 0x0000000745b00000, 0x0000000745b00000|
|  92|0x0000000745c00000, 0x0000000745c00000, 0x0000000745d00000|  0%| F|  |TS  0|AC  0|TAMS 0x0000000745c00000, 0x0000000745c00000|
|  93|0x0000000745d00000, 0x0000000745d00000, 0x0000000745e00000|  0%| F|  |TS  0|AC  0|TAMS 0x0000000745d00000, 0x0000000745d00000|
|  94|0x0000000745e00000, 0x0000000745e00000, 0x0000000745f00000|  0%| F|  |TS  0|AC  0|TAMS 0x0000000745e00000, 0x0000000745e00000|
|  95|0x0000000745f00000, 0x0000000745f00000, 0x0000000746000000|  0%| F|  |TS  0|AC  0|TAMS 0x0000000745f00000, 0x0000000745f00000|
|  96|0x0000000746000000, 0x0000000746000000, 0x0000000746100000|  0%| F|  |TS  0|AC  0|TAMS 0x0000000746000000, 0x0000000746000000|
|  97|0x0000000746100000, 0x0000000746100000, 0x0000000746200000|  0%| F|  |TS  0|AC  0|TAMS 0x0000000746100000, 0x0000000746100000|
|  98|0x0000000746200000, 0x0000000746200000, 0x0000000746300000|  0%| F|  |TS  0|AC  0|TAMS 0x0000000746200000, 0x0000000746200000|
|  99|0x0000000746300000, 0x0000000746300000, 0x0000000746400000|  0%| F|  |TS  0|AC  0|TAMS 0x0000000746300000, 0x0000000746300000|
| 100|0x0000000746400000, 0x0000000746400000, 0x0000000746500000|  0%| F|  |TS  0|AC  0|TAMS 0x0000000746400000, 0x0000000746400000|
| 101|0x0000000746500000, 0x0000000746500000, 0x0000000746600000|  0%| F|  |TS  0|AC  0|TAMS 0x0000000746500000, 0x0000000746500000|
| 102|0x0000000746600000, 0x0000000746600000, 0x0000000746700000|  0%| F|  |TS  0|AC  0|TAMS 0x0000000746600000, 0x0000000746600000|
| 103|0x0000000746700000, 0x0000000746700000, 0x0000000746800000|  0%| F|  |TS  0|AC  0|TAMS 0x0000000746700000, 0x0000000746700000|
| 104|0x0000000746800000, 0x0000000746800000, 0x0000000746900000|  0%| F|  |TS  0|AC  0|TAMS 0x0000000746800000, 0x0000000746800000|
| 105|0x0000000746900000, 0x0000000746900000, 0x0000000746a00000|  0%| F|  |TS  0|AC  0|TAMS 0x0000000746900000, 0x0000000746900000|
| 106|0x0000000746a00000, 0x0000000746a00000, 0x0000000746b00000|  0%| F|  |TS  0|AC  0|TAMS 0x0000000746a00000, 0x0000000746a00000|
| 107|0x0000000746b00000, 0x0000000746b00000, 0x0000000746c00000|  0%| F|  |TS  0|AC  0|TAMS 0x0000000746b00000, 0x0000000746b00000|
| 108|0x0000000746c00000, 0x0000000746c00000, 0x0000000746d00000|  0%| F|  |TS  0|AC  0|TAMS 0x0000000746c00000, 0x0000000746c00000|
| 109|0x0000000746d00000, 0x0000000746d00000, 0x0000000746e00000|  0%| F|  |TS  0|AC  0|TAMS 0x0000000746d00000, 0x0000000746d00000|
| 110|0x0000000746e00000, 0x0000000746e00000, 0x0000000746f00000|  0%| F|  |TS  0|AC  0|TAMS 0x0000000746e00000, 0x0000000746e00000|
| 111|0x0000000746f00000, 0x0000000746f00000, 0x0000000747000000|  0%| F|  |TS  0|AC  0|TAMS 0x0000000746f00000, 0x0000000746f00000|
| 112|0x0000000747000000, 0x0000000747000000, 0x0000000747100000|  0%| F|  |TS  0|AC  0|TAMS 0x0000000747000000, 0x0000000747000000|
| 113|0x0000000747100000, 0x0000000747100000, 0x0000000747200000|  0%| F|  |TS  0|AC  0|TAMS 0x0000000747100000, 0x0000000747100000|
| 114|0x0000000747200000, 0x0000000747200000, 0x0000000747300000|  0%| F|  |TS  0|AC  0|TAMS 0x0000000747200000, 0x0000000747200000|
| 115|0x0000000747300000, 0x0000000747300000, 0x0000000747400000|  0%| F|  |TS  0|AC  0|TAMS 0x0000000747300000, 0x0000000747300000|
| 116|0x0000000747400000, 0x0000000747400000, 0x0000000747500000|  0%| F|  |TS  0|AC  0|TAMS 0x0000000747400000, 0x0000000747400000|
| 117|0x0000000747500000, 0x0000000747500000, 0x0000000747600000|  0%| F|  |TS  0|AC  0|TAMS 0x0000000747500000, 0x0000000747500000|
| 118|0x0000000747600000, 0x0000000747600000, 0x0000000747700000|  0%| F|  |TS  0|AC  0|TAMS 0x0000000747600000, 0x0000000747600000|
| 119|0x0000000747700000, 0x0000000747700000, 0x0000000747800000|  0%| F|  |TS  0|AC  0|TAMS 0x0000000747700000, 0x0000000747700000|
| 120|0x0000000747800000, 0x0000000747800000, 0x0000000747900000|  0%| F|  |TS  0|AC  0|TAMS 0x0000000747800000, 0x0000000747800000|
| 121|0x0000000747900000, 0x0000000747900000, 0x0000000747a00000|  0%| F|  |TS  0|AC  0|TAMS 0x0000000747900000, 0x0000000747900000|
| 122|0x0000000747a00000, 0x0000000747a998c8, 0x0000000747b00000| 59%| E|  |TS  0|AC  0|TAMS 0x0000000747a00000, 0x0000000747a00000|
| 123|0x0000000747b00000, 0x0000000747c00000, 0x0000000747c00000|100%| E|CS|TS  0|AC  0|TAMS 0x0000000747b00000, 0x0000000747b00000|
| 124|0x0000000747c00000, 0x0000000747d00000, 0x0000000747d00000|100%| E|CS|TS  0|AC  0|TAMS 0x0000000747c00000, 0x0000000747c00000|
| 125|0x0000000747d00000, 0x0000000747e00000, 0x0000000747e00000|100%| E|CS|TS  0|AC  0|TAMS 0x0000000747d00000, 0x0000000747d00000|
| 126|0x0000000747e00000, 0x0000000747f00000, 0x0000000747f00000|100%| E|CS|TS  0|AC  0|TAMS 0x0000000747e00000, 0x0000000747e00000|
| 127|0x0000000747f00000, 0x0000000748000000, 0x0000000748000000|100%| E|CS|TS  0|AC  0|TAMS 0x0000000747f00000, 0x0000000747f00000|

Card table byte_map: [0x0000000111e79000,0x0000000112279000] byte_map_base: 0x000000010e479000

Marking Bits (Prev, Next): (CMBitMap*) 0x00007fdf4f021a70, (CMBitMap*) 0x00007fdf4f021aa8
 Prev Bits: [0x0000000112679000, 0x0000000114679000)
 Next Bits: [0x0000000114679000, 0x0000000116679000)

Polling page: 0x000000010fa65000

CodeHeap 'non-profiled nmethods': size=120032Kb used=121Kb max_used=121Kb free=119910Kb
 bounds [0x000000012bd72000, 0x000000012bfe2000, 0x00000001332aa000]
CodeHeap 'profiled nmethods': size=120032Kb used=707Kb max_used=707Kb free=119324Kb
 bounds [0x000000012483a000, 0x0000000124aaa000, 0x000000012bd72000]
CodeHeap 'non-nmethods': size=5696Kb used=1186Kb max_used=1192Kb free=4509Kb
 bounds [0x00000001242aa000, 0x000000012451a000, 0x000000012483a000]
 total_blobs=864 nmethods=443 adapters=259
 compilation: enabled

Compilation events (10 events):
Event: 0.902 Thread 0x00007fdf4f0a4000  436       3       java.lang.invoke.MethodType$ConcurrentWeakInternSet$WeakEntry::<init> (15 bytes)
Event: 0.902 Thread 0x00007fdf4f0a4000 nmethod 436 0x00000001248e6c90 code [0x00000001248e6e60, 0x00000001248e72e8]
Event: 0.903 Thread 0x00007fdf4f0a4000  439       1       java.lang.invoke.MethodTypeForm::basicType (5 bytes)
Event: 0.903 Thread 0x00007fdf4f0a4000 nmethod 439 0x000000012bd8ff10 code [0x000000012bd900c0, 0x000000012bd901d0]
Event: 0.903 Thread 0x00007fdf4f0a4000  441       1       java.lang.invoke.DirectMethodHandle::internalMemberName (5 bytes)
Event: 0.903 Thread 0x00007fdf4f0a4000 nmethod 441 0x000000012bd90290 code [0x000000012bd90440, 0x000000012bd90550]
Event: 26746.416 Thread 0x00007fdf4f0a4000  442       3       java.lang.instrument.ClassFileTransformer::transform (15 bytes)
Event: 26746.417 Thread 0x00007fdf4f0a4000 nmethod 442 0x00000001248e7490 code [0x00000001248e7640, 0x00000001248e7888]
Event: 26746.417 Thread 0x00007fdf4f0a4000  443   !   3       com.intellij.rt.debugger.agent.CaptureAgent$CaptureTransformer::transform (202 bytes)
Event: 26746.425 Thread 0x00007fdf4f0a4000 nmethod 443 0x00000001248e7990 code [0x00000001248e7e00, 0x00000001248e9ec8]

GC Heap History (0 events):
No events

Deoptimization events (1 events):
Event: 0.890 Thread 0x00007fdf50001000 Uncommon trap: reason=unstable_if action=reinterpret pc=0x000000012bd7d620 method=java.lang.String.charAt(I)C @ 4 c2

Classes redefined (10 events):
Event: 149460.867 Thread 0x00007fdf4f840000 redefined class name=com.company.Main, count=39
Event: 155453.306 Thread 0x00007fdf4f840000 redefined class name=com.company.Main, count=40
Event: 156446.141 Thread 0x00007fdf4f840000 redefined class name=com.company.Main, count=41
Event: 158743.334 Thread 0x00007fdf4f840000 redefined class name=com.company.Main, count=42
Event: 158776.133 Thread 0x00007fdf4f840000 redefined class name=com.company.Main, count=43
Event: 158805.753 Thread 0x00007fdf4f840000 redefined class name=com.company.Main, count=44
Event: 159589.120 Thread 0x00007fdf4f840000 redefined class name=com.company.Main, count=45
Event: 159642.399 Thread 0x00007fdf4f840000 redefined class name=com.company.Main, count=46
Event: 160897.242 Thread 0x00007fdf4f840000 redefined class name=com.company.Main, count=47
Event: 161090.022 Thread 0x00007fdf4f840000 redefined class name=com.company.Main, count=48

Internal exceptions (7 events):
Event: 0.494 Thread 0x00007fdf50001000 Exception <a 'java/lang/NoSuchMethodError'{0x0000000747ce4ff0}: java.lang.invoke.DirectMethodHandle$Holder.invokeStatic(Ljava/lang/Object;Ljava/lang/Object;Ljava/lang/Object;Ljava/lang/Object;Ljava/lang/Object;Ljava/lang/Object;Ljava/lang/Object;Ljava/lan
Event: 0.504 Thread 0x00007fdf50001000 Exception <a 'java/lang/NoSuchMethodError'{0x0000000747b07db0}: java.lang.invoke.DirectMethodHandle$Holder.invokeStatic(Ljava/lang/Object;Ljava/lang/Object;Ljava/lang/Object;Ljava/lang/Object;Ljava/lang/Object;Ljava/lang/Object;Ljava/lang/Object;Ljava/lan
Event: 0.517 Thread 0x00007fdf50001000 Exception <a 'java/lang/NoSuchMethodError'{0x0000000747b28818}: java.lang.invoke.DirectMethodHandle$Holder.invokeStatic(Ljava/lang/Object;Ljava/lang/Object;Ljava/lang/Object;Ljava/lang/Object;Ljava/lang/Object;Ljava/lang/Object;Ljava/lang/Object;Ljava/lan
Event: 0.524 Thread 0x00007fdf50001000 Exception <a 'java/lang/NoSuchMethodError'{0x0000000747b4b568}: java.lang.invoke.DirectMethodHandle$Holder.invokeStatic(Ljava/lang/Object;Ljava/lang/Object;Ljava/lang/Object;Ljava/lang/Object;Ljava/lang/Object;Ljava/lang/Object;Ljava/lang/Object;Ljava/lan
Event: 0.780 Thread 0x00007fdf50001000 Exception <a 'java/lang/NoSuchMethodError'{0x0000000747bb64f0}: java.lang.Object.lambda$negate$3(I)Z> (0x0000000747bb64f0) thrown at [/scratch/mesos/slaves/450fa0f5-8733-43f8-b866-79fe3e86d200-S756/frameworks/1735e8a2-a1db-478c-8104-60c8b0af87dd-0196/exec
Event: 0.782 Thread 0x00007fdf50001000 Exception <a 'java/lang/NoSuchMethodError'{0x0000000747bb9828}: java.lang.Object.lambda$and$0(Ljava/util/regex/Pattern$CharPredicate;I)Z> (0x0000000747bb9828) thrown at [/scratch/mesos/slaves/450fa0f5-8733-43f8-b866-79fe3e86d200-S756/frameworks/1735e8a2-a
Event: 0.904 Thread 0x00007fdf50001000 Exception <a 'java/lang/NoSuchMethodError'{0x0000000747a8d018}: java.lang.Object.lambda$union$2(Ljava/util/regex/Pattern$CharPredicate;I)Z> (0x0000000747a8d018) thrown at [/scratch/mesos/slaves/450fa0f5-8733-43f8-b866-79fe3e86d200-S756/frameworks/1735e8a2

Events (10 events):
Event: 161090.036 Executing VM operation: GetOrSetLocal done
Event: 161090.036 Executing VM operation: GetOrSetLocal
Event: 161090.036 Executing VM operation: GetOrSetLocal done
Event: 161090.036 Executing VM operation: GetOrSetLocal
Event: 161090.036 Executing VM operation: GetOrSetLocal done
Event: 161200.433 Executing VM operation: ChangeBreakpoints
Event: 161200.434 Executing VM operation: ChangeBreakpoints done
Event: 161252.293 Executing VM operation: ChangeBreakpoints
Event: 161252.293 Executing VM operation: ChangeBreakpoints done
Event: 161425.538 Executing VM operation: RedefineClasses


Dynamic libraries:
0x00007fff4a1b3000 	/System/Library/Frameworks/Cocoa.framework/Versions/A/Cocoa
0x00007fff5659a000 	/System/Library/Frameworks/Security.framework/Versions/A/Security
0x00007fff48e22000 	/System/Library/Frameworks/ApplicationServices.framework/Versions/A/ApplicationServices
0x00007fff72171000 	/usr/lib/libz.1.dylib
0x00007fff70106000 	/usr/lib/libSystem.B.dylib
0x00007fff4a95b000 	/System/Library/Frameworks/CoreFoundation.framework/Versions/A/CoreFoundation
0x00007fff4caa8000 	/System/Library/Frameworks/Foundation.framework/Versions/C/Foundation
0x00007fff71789000 	/usr/lib/libobjc.A.dylib
0x00007fff47f73000 	/System/Library/Frameworks/AppKit.framework/Versions/C/AppKit
0x00007fff4a52b000 	/System/Library/Frameworks/CoreData.framework/Versions/A/CoreData
0x00007fff69b44000 	/System/Library/PrivateFrameworks/RemoteViewServices.framework/Versions/A/RemoteViewServices
0x00007fff6e199000 	/System/Library/PrivateFrameworks/UIFoundation.framework/Versions/A/UIFoundation
0x00007fff5eb9c000 	/System/Library/PrivateFrameworks/DFRFoundation.framework/Versions/A/DFRFoundation
0x00007fff4ef84000 	/System/Library/Frameworks/Metal.framework/Versions/A/Metal
0x00007fff5ed3d000 	/System/Library/PrivateFrameworks/DesktopServicesPriv.framework/Versions/A/DesktopServicesPriv
0x00007fff70d8b000 	/usr/lib/libenergytrace.dylib
0x00007fff6c2bd000 	/System/Library/PrivateFrameworks/SkyLight.framework/Versions/A/SkyLight
0x00007fff4adf6000 	/System/Library/Frameworks/CoreGraphics.framework/Versions/A/CoreGraphics
0x00007fff70101000 	/usr/lib/libScreenReader.dylib
0x00007fff46cab000 	/System/Library/Frameworks/Accelerate.framework/Versions/A/Accelerate
0x00007fff4d21f000 	/System/Library/Frameworks/IOSurface.framework/Versions/A/IOSurface
0x00007fff4936c000 	/System/Library/Frameworks/AudioToolbox.framework/Versions/A/AudioToolbox
0x00007fff495f9000 	/System/Library/Frameworks/AudioUnit.framework/Versions/A/AudioUnit
0x00007fff5ec38000 	/System/Library/PrivateFrameworks/DataDetectorsCore.framework/Versions/A/DataDetectorsCore
0x00007fff49cba000 	/System/Library/Frameworks/Carbon.framework/Versions/A/Frameworks/HIToolbox.framework/Versions/A/HIToolbox
0x00007fff70ee5000 	/usr/lib/libicucore.A.dylib
0x00007fff55b19000 	/System/Library/Frameworks/QuartzCore.framework/Versions/A/QuartzCore
0x00007fff4a0a0000 	/System/Library/Frameworks/Carbon.framework/Versions/A/Frameworks/SpeechRecognition.framework/Versions/A/SpeechRecognition
0x00007fff702e4000 	/usr/lib/libauto.dylib
0x00007fff72060000 	/usr/lib/libxml2.2.dylib
0x00007fff5e816000 	/System/Library/PrivateFrameworks/CoreUI.framework/Versions/A/CoreUI
0x00007fff4a407000 	/System/Library/Frameworks/CoreAudio.framework/Versions/A/CoreAudio
0x00007fff4c8e2000 	/System/Library/Frameworks/DiskArbitration.framework/Versions/A/DiskArbitration
0x00007fff71159000 	/usr/lib/liblangid.dylib
0x00007fff66093000 	/System/Library/PrivateFrameworks/MultitouchSupport.framework/Versions/A/MultitouchSupport
0x00007fff4d182000 	/System/Library/Frameworks/IOKit.framework/Versions/A/IOKit
0x00007fff6fd9e000 	/usr/lib/libDiagnosticMessagesClient.dylib
0x00007fff4bad2000 	/System/Library/Frameworks/CoreServices.framework/Versions/A/CoreServices
0x00007fff67b2d000 	/System/Library/PrivateFrameworks/PerformanceAnalysis.framework/Versions/A/PerformanceAnalysis
0x00007fff54cc3000 	/System/Library/Frameworks/OpenGL.framework/Versions/A/OpenGL
0x00007fff4a1c1000 	/System/Library/Frameworks/ColorSync.framework/Versions/A/ColorSync
0x00007fff4b423000 	/System/Library/Frameworks/CoreImage.framework/Versions/A/CoreImage
0x00007fff4c453000 	/System/Library/Frameworks/CoreText.framework/Versions/A/CoreText
0x00007fff4d27d000 	/System/Library/Frameworks/ImageIO.framework/Versions/A/ImageIO
0x00007fff5b06f000 	/System/Library/PrivateFrameworks/Backup.framework/Versions/A/Backup
0x00007fff701b2000 	/usr/lib/libarchive.2.dylib
0x00007fff4990e000 	/System/Library/Frameworks/CFNetwork.framework/Versions/A/CFNetwork
0x00007fff56d16000 	/System/Library/Frameworks/SystemConfiguration.framework/Versions/A/SystemConfiguration
0x00007fff6fcc7000 	/usr/lib/libCRFSuite.dylib
0x00007fff703bc000 	/usr/lib/libc++.1.dylib
0x00007fff70413000 	/usr/lib/libc++abi.dylib
0x00007fff72221000 	/usr/lib/system/libcache.dylib
0x00007fff72226000 	/usr/lib/system/libcommonCrypto.dylib
0x00007fff72231000 	/usr/lib/system/libcompiler_rt.dylib
0x00007fff72239000 	/usr/lib/system/libcopyfile.dylib
0x00007fff72242000 	/usr/lib/system/libcorecrypto.dylib
0x00007fff7234f000 	/usr/lib/system/libdispatch.dylib
0x00007fff72389000 	/usr/lib/system/libdyld.dylib
0x00007fff723a7000 	/usr/lib/system/libkeymgr.dylib
0x00007fff723b5000 	/usr/lib/system/liblaunch.dylib
0x00007fff723b6000 	/usr/lib/system/libmacho.dylib
0x00007fff723bb000 	/usr/lib/system/libquarantine.dylib
0x00007fff723be000 	/usr/lib/system/libremovefile.dylib
0x00007fff723c0000 	/usr/lib/system/libsystem_asl.dylib
0x00007fff723d8000 	/usr/lib/system/libsystem_blocks.dylib
0x00007fff723d9000 	/usr/lib/system/libsystem_c.dylib
0x00007fff72463000 	/usr/lib/system/libsystem_configuration.dylib
0x00007fff72467000 	/usr/lib/system/libsystem_coreservices.dylib
0x00007fff7246b000 	/usr/lib/system/libsystem_darwin.dylib
0x00007fff7246d000 	/usr/lib/system/libsystem_dnssd.dylib
0x00007fff72474000 	/usr/lib/system/libsystem_info.dylib
0x00007fff724e4000 	/usr/lib/system/libsystem_m.dylib
0x00007fff72530000 	/usr/lib/system/libsystem_malloc.dylib
0x00007fff72550000 	/usr/lib/system/libsystem_network.dylib
0x00007fff725f5000 	/usr/lib/system/libsystem_networkextension.dylib
0x00007fff72600000 	/usr/lib/system/libsystem_notify.dylib
0x00007fff7261e000 	/usr/lib/system/libsystem_sandbox.dylib
0x00007fff72622000 	/usr/lib/system/libsystem_secinit.dylib
0x00007fff724be000 	/usr/lib/system/libsystem_kernel.dylib
0x00007fff7260a000 	/usr/lib/system/libsystem_platform.dylib
0x00007fff72612000 	/usr/lib/system/libsystem_pthread.dylib
0x00007fff72624000 	/usr/lib/system/libsystem_symptoms.dylib
0x00007fff7262c000 	/usr/lib/system/libsystem_trace.dylib
0x00007fff72641000 	/usr/lib/system/libunwind.dylib
0x00007fff72647000 	/usr/lib/system/libxpc.dylib
0x00007fff6fbf4000 	/usr/lib/closure/libclosured.dylib
0x00007fff7039d000 	/usr/lib/libbsm.0.dylib
0x00007fff723a8000 	/usr/lib/system/libkxld.dylib
0x00007fff6ffd8000 	/usr/lib/libOpenScriptingUtil.dylib
0x00007fff7070d000 	/usr/lib/libcoretls.dylib
0x00007fff70726000 	/usr/lib/libcoretls_cfhelpers.dylib
0x00007fff71b8d000 	/usr/lib/libpam.2.dylib
0x00007fff71cb3000 	/usr/lib/libsqlite3.dylib
0x00007fff7204f000 	/usr/lib/libxar.1.dylib
0x00007fff703ae000 	/usr/lib/libbz2.1.0.dylib
0x00007fff7115b000 	/usr/lib/liblzma.5.dylib
0x00007fff7163c000 	/usr/lib/libnetwork.dylib
0x00007fff7019b000 	/usr/lib/libapple_nghttp2.dylib
0x00007fff71b94000 	/usr/lib/libpcap.A.dylib
0x00007fff702e5000 	/usr/lib/libboringssl.dylib
0x00007fff72011000 	/usr/lib/libusrtcp.dylib
0x00007fff7019a000 	/usr/lib/libapple_crypto.dylib
0x00007fff4be55000 	/System/Library/Frameworks/CoreServices.framework/Versions/A/Frameworks/FSEvents.framework/Versions/A/FSEvents
0x00007fff4bb48000 	/System/Library/Frameworks/CoreServices.framework/Versions/A/Frameworks/CarbonCore.framework/Versions/A/CarbonCore
0x00007fff4c017000 	/System/Library/Frameworks/CoreServices.framework/Versions/A/Frameworks/Metadata.framework/Versions/A/Metadata
0x00007fff4c0c7000 	/System/Library/Frameworks/CoreServices.framework/Versions/A/Frameworks/OSServices.framework/Versions/A/OSServices
0x00007fff4c125000 	/System/Library/Frameworks/CoreServices.framework/Versions/A/Frameworks/SearchKit.framework/Versions/A/SearchKit
0x00007fff4bad3000 	/System/Library/Frameworks/CoreServices.framework/Versions/A/Frameworks/AE.framework/Versions/A/AE
0x00007fff4be5e000 	/System/Library/Frameworks/CoreServices.framework/Versions/A/Frameworks/LaunchServices.framework/Versions/A/LaunchServices
0x00007fff4be20000 	/System/Library/Frameworks/CoreServices.framework/Versions/A/Frameworks/DictionaryServices.framework/Versions/A/DictionaryServices
0x00007fff4c194000 	/System/Library/Frameworks/CoreServices.framework/Versions/A/Frameworks/SharedFileList.framework/Versions/A/SharedFileList
0x00007fff50150000 	/System/Library/Frameworks/NetFS.framework/Versions/A/NetFS
0x00007fff66320000 	/System/Library/PrivateFrameworks/NetAuth.framework/Versions/A/NetAuth
0x00007fff6fa8e000 	/System/Library/PrivateFrameworks/login.framework/Versions/A/Frameworks/loginsupport.framework/Versions/A/loginsupport
0x00007fff6de1d000 	/System/Library/PrivateFrameworks/TCC.framework/Versions/A/TCC
0x00007fff7123c000 	/usr/lib/libmecabra.dylib
0x00007fff48e23000 	/System/Library/Frameworks/ApplicationServices.framework/Versions/A/Frameworks/ATS.framework/Versions/A/ATS
0x00007fff491d1000 	/System/Library/Frameworks/ApplicationServices.framework/Versions/A/Frameworks/ColorSyncLegacy.framework/Versions/A/ColorSyncLegacy
0x00007fff49275000 	/System/Library/Frameworks/ApplicationServices.framework/Versions/A/Frameworks/HIServices.framework/Versions/A/HIServices
0x00007fff492c8000 	/System/Library/Frameworks/ApplicationServices.framework/Versions/A/Frameworks/LangAnalysis.framework/Versions/A/LangAnalysis
0x00007fff492d7000 	/System/Library/Frameworks/ApplicationServices.framework/Versions/A/Frameworks/PrintCore.framework/Versions/A/PrintCore
0x00007fff49324000 	/System/Library/Frameworks/ApplicationServices.framework/Versions/A/Frameworks/QD.framework/Versions/A/QD
0x00007fff4935f000 	/System/Library/Frameworks/ApplicationServices.framework/Versions/A/Frameworks/SpeechSynthesis.framework/Versions/A/SpeechSynthesis
0x00007fff4a88e000 	/System/Library/Frameworks/CoreDisplay.framework/Versions/A/CoreDisplay
0x00007fff46cc4000 	/System/Library/Frameworks/Accelerate.framework/Versions/A/Frameworks/vImage.framework/Versions/A/vImage
0x00007fff47c83000 	/System/Library/Frameworks/Accelerate.framework/Versions/A/Frameworks/vecLib.framework/Versions/A/vecLib
0x00007fff47a59000 	/System/Library/Frameworks/Accelerate.framework/Versions/A/Frameworks/vecLib.framework/Versions/A/libvDSP.dylib
0x00007fff475b5000 	/System/Library/Frameworks/Accelerate.framework/Versions/A/Frameworks/vecLib.framework/Versions/A/libBNNS.dylib
0x00007fff479e1000 	/System/Library/Frameworks/Accelerate.framework/Versions/A/Frameworks/vecLib.framework/Versions/A/libQuadrature.dylib
0x00007fff47bcd000 	/System/Library/Frameworks/Accelerate.framework/Versions/A/Frameworks/vecLib.framework/Versions/A/libvMisc.dylib
0x00007fff475f0000 	/System/Library/Frameworks/Accelerate.framework/Versions/A/Frameworks/vecLib.framework/Versions/A/libLAPACK.dylib
0x00007fff47413000 	/System/Library/Frameworks/Accelerate.framework/Versions/A/Frameworks/vecLib.framework/Versions/A/libBLAS.dylib
0x00007fff479ca000 	/System/Library/Frameworks/Accelerate.framework/Versions/A/Frameworks/vecLib.framework/Versions/A/libLinearAlgebra.dylib
0x00007fff479e7000 	/System/Library/Frameworks/Accelerate.framework/Versions/A/Frameworks/vecLib.framework/Versions/A/libSparse.dylib
0x00007fff47a46000 	/System/Library/Frameworks/Accelerate.framework/Versions/A/Frameworks/vecLib.framework/Versions/A/libSparseBLAS.dylib
0x00007fff649d0000 	/System/Library/PrivateFrameworks/IOAccelerator.framework/Versions/A/IOAccelerator
0x00007fff649db000 	/System/Library/PrivateFrameworks/IOPresentment.framework/Versions/A/IOPresentment
0x00007fff5ebae000 	/System/Library/PrivateFrameworks/DSExternalDisplay.framework/Versions/A/DSExternalDisplay
0x00007fff54145000 	/System/Library/Frameworks/OpenGL.framework/Versions/A/Libraries/libCoreFSCache.dylib
0x00007fff4c5a2000 	/System/Library/Frameworks/CoreVideo.framework/Versions/A/CoreVideo
0x00007fff64023000 	/System/Library/PrivateFrameworks/GraphVisualizer.framework/Versions/A/GraphVisualizer
0x00007fff4f147000 	/System/Library/Frameworks/MetalPerformanceShaders.framework/Versions/A/MetalPerformanceShaders
0x00007fff6fdd6000 	/usr/lib/libFosl_dynamic.dylib
0x00007fff5fbe1000 	/System/Library/PrivateFrameworks/FaceCore.framework/Versions/A/FaceCore
0x00007fff52f4d000 	/System/Library/Frameworks/OpenCL.framework/Versions/A/OpenCL
0x00007fff7044a000 	/usr/lib/libcompression.dylib
0x00007fff48f22000 	/System/Library/Frameworks/ApplicationServices.framework/Versions/A/Frameworks/ATS.framework/Versions/A/Resources/libFontParser.dylib
0x00007fff49045000 	/System/Library/Frameworks/ApplicationServices.framework/Versions/A/Frameworks/ATS.framework/Versions/A/Resources/libFontRegistry.dylib
0x00007fff4d4e6000 	/System/Library/Frameworks/ImageIO.framework/Versions/A/Resources/libJPEG.dylib
0x00007fff4d810000 	/System/Library/Frameworks/ImageIO.framework/Versions/A/Resources/libTIFF.dylib
0x00007fff4d7e6000 	/System/Library/Frameworks/ImageIO.framework/Versions/A/Resources/libPng.dylib
0x00007fff4d3f9000 	/System/Library/Frameworks/ImageIO.framework/Versions/A/Resources/libGIF.dylib
0x00007fff4d3fe000 	/System/Library/Frameworks/ImageIO.framework/Versions/A/Resources/libJP2.dylib
0x00007fff4d80d000 	/System/Library/Frameworks/ImageIO.framework/Versions/A/Resources/libRadiance.dylib
0x00007fff5a7d0000 	/System/Library/PrivateFrameworks/AppleJPEG.framework/Versions/A/AppleJPEG
0x00007fff65e1b000 	/System/Library/PrivateFrameworks/MetalTools.framework/Versions/A/MetalTools
0x00007fff4f020000 	/System/Library/Frameworks/MetalPerformanceShaders.framework/Frameworks/MPSCore.framework/Versions/A/MPSCore
0x00007fff4f036000 	/System/Library/Frameworks/MetalPerformanceShaders.framework/Frameworks/MPSImage.framework/Versions/A/MPSImage
0x00007fff4f0a2000 	/System/Library/Frameworks/MetalPerformanceShaders.framework/Frameworks/MPSMatrix.framework/Versions/A/MPSMatrix
0x00007fff4f0c6000 	/System/Library/Frameworks/MetalPerformanceShaders.framework/Frameworks/MPSNeuralNetwork.framework/Versions/A/MPSNeuralNetwork
0x00007fff5430d000 	/System/Library/Frameworks/OpenGL.framework/Versions/A/Libraries/libGLU.dylib
0x00007fff5414f000 	/System/Library/Frameworks/OpenGL.framework/Versions/A/Libraries/libGFXShared.dylib
0x00007fff54158000 	/System/Library/Frameworks/OpenGL.framework/Versions/A/Libraries/libGL.dylib
0x00007fff54164000 	/System/Library/Frameworks/OpenGL.framework/Versions/A/Libraries/libGLImage.dylib
0x00007fff54142000 	/System/Library/Frameworks/OpenGL.framework/Versions/A/Libraries/libCVMSPluginSupport.dylib
0x00007fff5414a000 	/System/Library/Frameworks/OpenGL.framework/Versions/A/Libraries/libCoreVMClient.dylib
0x00007fff70bf7000 	/usr/lib/libcups.2.dylib
0x00007fff4e5ec000 	/System/Library/Frameworks/Kerberos.framework/Versions/A/Kerberos
0x00007fff4cedd000 	/System/Library/Frameworks/GSS.framework/Versions/A/GSS
0x00007fff71c47000 	/usr/lib/libresolv.9.dylib
0x00007fff70df3000 	/usr/lib/libiconv.2.dylib
0x00007fff640aa000 	/System/Library/PrivateFrameworks/Heimdal.framework/Versions/A/Heimdal
0x00007fff70dc2000 	/usr/lib/libheimdal-asn1.dylib
0x00007fff52fb8000 	/System/Library/Frameworks/OpenDirectory.framework/Versions/A/OpenDirectory
0x00007fff5ca86000 	/System/Library/PrivateFrameworks/CommonAuth.framework/Versions/A/CommonAuth
0x00007fff52f9b000 	/System/Library/Frameworks/OpenDirectory.framework/Versions/A/Frameworks/CFOpenDirectory.framework/Versions/A/CFOpenDirectory
0x00007fff568b2000 	/System/Library/Frameworks/SecurityFoundation.framework/Versions/A/SecurityFoundation
0x00007fff599b9000 	/System/Library/PrivateFrameworks/APFS.framework/Versions/A/APFS
0x00007fff7204b000 	/usr/lib/libutil.dylib
0x00007fff5a853000 	/System/Library/PrivateFrameworks/AppleSauce.framework/Versions/A/AppleSauce
0x00007fff651b2000 	/System/Library/PrivateFrameworks/LinguisticData.framework/Versions/A/LinguisticData
0x00007fff71175000 	/usr/lib/libmarisa.dylib
0x00007fff6516c000 	/System/Library/PrivateFrameworks/Lexicon.framework/Versions/A/Lexicon
0x00007fff6fd01000 	/usr/lib/libChineseTokenizer.dylib
0x00007fff70439000 	/usr/lib/libcmph.dylib
0x00007fff65076000 	/System/Library/PrivateFrameworks/LanguageModeling.framework/Versions/A/LanguageModeling
0x00007fff5d49c000 	/System/Library/PrivateFrameworks/CoreEmoji.framework/Versions/A/CoreEmoji
0x00007fff5696e000 	/System/Library/Frameworks/ServiceManagement.framework/Versions/A/ServiceManagement
0x00007fff5b067000 	/System/Library/PrivateFrameworks/BackgroundTaskManagement.framework/Versions/A/BackgroundTaskManagement
0x00007fff72148000 	/usr/lib/libxslt.1.dylib
0x00007fff49fca000 	/System/Library/Frameworks/Carbon.framework/Versions/A/Frameworks/Ink.framework/Versions/A/Ink
0x00007fff6e031000 	/System/Library/PrivateFrameworks/TextureIO.framework/Versions/A/TextureIO
0x00007fff701dd000 	/usr/lib/libate.dylib
0x00007fff5eb10000 	/System/Library/PrivateFrameworks/CrashReporterSupport.framework/Versions/A/CrashReporterSupport
0x00007fff6b484000 	/System/Library/PrivateFrameworks/Sharing.framework/Versions/A/Sharing
0x00007fff64dbc000 	/System/Library/PrivateFrameworks/IconServices.framework/Versions/A/IconServices
0x00007fff69949000 	/System/Library/PrivateFrameworks/ProtocolBuffer.framework/Versions/A/ProtocolBuffer
0x00007fff5a65b000 	/System/Library/PrivateFrameworks/Apple80211.framework/Versions/A/Apple80211
0x00007fff4c5dd000 	/System/Library/Frameworks/CoreWLAN.framework/Versions/A/CoreWLAN
0x00007fff5e94b000 	/System/Library/PrivateFrameworks/CoreUtils.framework/Versions/A/CoreUtils
0x00007fff4d01f000 	/System/Library/Frameworks/IOBluetooth.framework/Versions/A/IOBluetooth
0x00007fff5eaab000 	/System/Library/PrivateFrameworks/CoreWiFi.framework/Versions/A/CoreWiFi
0x00007fff4a501000 	/System/Library/Frameworks/CoreBluetooth.framework/Versions/A/CoreBluetooth
0x00007fff6b5bf000 	/System/Library/PrivateFrameworks/SignpostNotification.framework/Versions/A/SignpostNotification
0x00007fff5ecfc000 	/System/Library/PrivateFrameworks/DebugSymbols.framework/Versions/A/DebugSymbols
0x00007fff5e702000 	/System/Library/PrivateFrameworks/CoreSymbolication.framework/Versions/A/CoreSymbolication
0x00007fff6d8a7000 	/System/Library/PrivateFrameworks/Symbolication.framework/Versions/A/Symbolication
0x00007fff5a685000 	/System/Library/PrivateFrameworks/AppleFSCompression.framework/Versions/A/AppleFSCompression
0x00007fff6cd08000 	/System/Library/PrivateFrameworks/SpeechRecognitionCore.framework/Versions/A/SpeechRecognitionCore
0x0000000110400000 	/Library/Java/JavaVirtualMachines/jdk-9.0.4.jdk/Contents/Home/lib/server/libjvm.dylib
0x00007fff71f42000 	/usr/lib/libstdc++.6.0.9.dylib
0x000000010fa23000 	/Library/Java/JavaVirtualMachines/jdk-9.0.4.jdk/Contents/Home/lib/libverify.dylib
0x000000010fa30000 	/Library/Java/JavaVirtualMachines/jdk-9.0.4.jdk/Contents/Home/lib/libjava.dylib
0x000000010fa66000 	/Library/Java/JavaVirtualMachines/jdk-9.0.4.jdk/Contents/Home/lib/libjdwp.dylib
0x000000010faa3000 	/Library/Java/JavaVirtualMachines/jdk-9.0.4.jdk/Contents/Home/lib/libinstrument.dylib
0x000000010fb38000 	/Library/Java/JavaVirtualMachines/jdk-9.0.4.jdk/Contents/Home/lib/libzip.dylib
0x000000010fb40000 	/Library/Java/JavaVirtualMachines/jdk-9.0.4.jdk/Contents/Home/lib/libjimage.dylib
0x000000011936f000 	/Library/Java/JavaVirtualMachines/jdk-9.0.4.jdk/Contents/Home/lib/libnio.dylib
0x000000011937f000 	/Library/Java/JavaVirtualMachines/jdk-9.0.4.jdk/Contents/Home/lib/./libnet.dylib
0x0000000119440000 	/Library/Java/JavaVirtualMachines/jdk-9.0.4.jdk/Contents/Home/lib/libdt_socket.dylib

VM Arguments:
jvm_args: -agentlib:jdwp=transport=dt_socket,address=127.0.0.1:51274,suspend=y,server=n -javaagent:/Users/jesseskralskis/Library/Caches/IntelliJIdea2017.3/captureAgent/debugger-agent.jar=/private/var/folders/__/qndyq3ls1rbdbtcc1457rgfm0000gn/T/capture.props -Dfile.encoding=UTF-8 
java_command: com.company.Main
java_class_path (initial): /Users/jesseskralskis/zmaster PG CERT/Bulls and Cows/out/production/Bulls and Cows:/Applications/IntelliJ IDEA.app/Contents/lib/idea_rt.jar
Launcher Type: SUN_STANDARD

Logging:
Log output configuration:
#0: stdout all=warning uptime,level,tags
#1: stderr all=off uptime,level,tags

Environment Variables:
PATH=/usr/local/bin:/usr/bin:/bin:/usr/sbin:/sbin:/Applications/Wireshark.app/Contents/MacOS
SHELL=/bin/bash

Signal Handlers:
SIGSEGV: [libjvm.dylib+0x73f3dc], sa_mask[0]=11111111011111110111111111111111, sa_flags=SA_ONSTACK|SA_RESTART|SA_SIGINFO
SIGBUS: [libjvm.dylib+0x73f3dc], sa_mask[0]=11111111011111110111111111111111, sa_flags=SA_RESTART|SA_SIGINFO
SIGFPE: [libjvm.dylib+0x73f3dc], sa_mask[0]=11111111011111110111111111111111, sa_flags=SA_RESTART|SA_SIGINFO
SIGPIPE: [libjvm.dylib+0x5f233c], sa_mask[0]=11111111011111110111111111111111, sa_flags=SA_RESTART|SA_SIGINFO
SIGXFSZ: [libjvm.dylib+0x5f233c], sa_mask[0]=11111111011111110111111111111111, sa_flags=SA_RESTART|SA_SIGINFO
SIGILL: [libjvm.dylib+0x73f3dc], sa_mask[0]=11111111011111110111111111111111, sa_flags=SA_RESTART|SA_SIGINFO
SIGUSR2: [libjvm.dylib+0x5f2bcc], sa_mask[0]=00100000000000000000000000000000, sa_flags=SA_RESTART|SA_SIGINFO
SIGHUP: [libjvm.dylib+0x5f1409], sa_mask[0]=11111111011111110111111111111111, sa_flags=SA_RESTART|SA_SIGINFO
SIGINT: [libjvm.dylib+0x5f1409], sa_mask[0]=11111111011111110111111111111111, sa_flags=SA_RESTART|SA_SIGINFO
SIGTERM: [libjvm.dylib+0x5f1409], sa_mask[0]=11111111011111110111111111111111, sa_flags=SA_RESTART|SA_SIGINFO
SIGQUIT: [libjvm.dylib+0x5f1409], sa_mask[0]=11111111011111110111111111111111, sa_flags=SA_RESTART|SA_SIGINFO


---------------  S Y S T E M  ---------------

OS:uname:Darwin 17.4.0 Darwin Kernel Version 17.4.0: Sun Dec 17 09:19:54 PST 2017; root:xnu-4570.41.2~1/RELEASE_X86_64 x86_64
rlimit: STACK 8192k, CORE 0k, NPROC 709, NOFILE 10240, AS infinity
load average:24.03 26.01 25.89

CPU:total 4 (initial active 4) (2 cores per cpu, 2 threads per core) family 6 model 58 stepping 9, cmov, cx8, fxsr, mmx, sse, sse2, sse3, ssse3, sse4.1, sse4.2, popcnt, avx, aes, clmul, erms, ht, tsc, tscinvbit, tscinv

Memory: 4k page, physical 8388608k(90012k free)

vm_info: Java HotSpot(TM) 64-Bit Server VM (9.0.4+11) for bsd-amd64 JRE (9.0.4+11), built on Dec 20 2017 02:08:50 by "mach5one" with gcc 4.2.1 Compatible Apple LLVM 6.1.0 (clang-602.0.49)

END.
